<?xml version="1.0" encoding="UTF-8"?>
<testsuite xmlns:xsi="http://www.w3.org/2001/XMLSchema-instance" xsi:noNamespaceSchemaLocation="https://maven.apache.org/surefire/maven-surefire-plugin/xsd/surefire-test-report-3.0.xsd" version="3.0" name="TestSuite" time="29.29" tests="1" errors="0" skipped="0" failures="0">
  <properties>
[...]
</properties>
  <testcase name="registerTest[Đỗ Thu Thuận, 0373824323, Tungsyo1910@gmail.com, 003203003134, Adminmaster, 1111111111, Hưng Yên, Khoái Châu, Đông Kết, Xóm 15, 1234567890, 19/10/2003, MB Bank, 0373824200, Mã mời không hợp lệ, người mời không tồn tại, Honivy, http://localhost:4200/, Nhập các trường bắt buộc hợp lệ, mã mời không hợp lệ, Fail](1)" classname="User.Register.User_Register_Test" time="25.329">
    <system-out><![CDATA[Báo cáo đã được khởi tạo: src/test/resources/reports/extentReport11.html
⚡ Đang thiết lập trình duyệt...
🌍 Đang khởi chạy trình duyệt: CHROME
✅ Page Load Timeout: 20 giây
✅ Implicit Wait: 15 giây
Bắt đầu test: User Register Test - Nhập các trường bắt buộc hợp lệ, mã mời không hợp lệ - Category: Register_Test_Data_Fail
INFO: Mở trình duyệt...
INFO: Điều hướng đến: http://localhost:4200/
⚠️ Không tìm thấy phần tử chứa: XÁC THỰC OTP. Tiếp tục bước tiếp theo...
🚀 Không cần đăng nhập Google. Tiếp tục bước tiếp theo.
Screenshot saved at: D:\Zalo\DATN\AFF_New/screenshots/1111111111_step_clickCreateAccount_1740194101999.png
INFO: Thực hiện test case: Nhập các trường bắt buộc hợp lệ, mã mời không hợp lệ
OCR Extracted: ĐĂNG KỶ x
A Đỗ Thu Thuận Ñi 0572020323
Tungsyo1910@gmailcom E8 003203003134
&@ | Adminmaster B 1111111
9 Hưng Yên 9 Khoái Châu
9 Đông Kết 9 Xóm 15
1234567890 44 12/10/2003 5
Ết MBBank E 0572624200
Đồng ý với các điều khoản
Đăng nhập

FAIL: Kiểm tra thông báo thất bại cho: Mã mời không hợp lệ, người mời không tồn tại
[DEBUG] Expected Title: Honivy
[DEBUG] Actual Title: Honivy
PASS: Kiểm tra tiêu đề thành công cho: Honivy
[DEBUG] Expected URL: http://localhost:4200/
[DEBUG] Actual URL: http://localhost:4200/
PASS: Kiểm tra link thành công cho: http://localhost:4200/
INFO: Đóng trình duyệt...
Đã kết thúc test case.
]]></system-out>
    <system-err><![CDATA[SLF4J(W): No SLF4J providers were found.
SLF4J(W): Defaulting to no-operation (NOP) logger implementation
SLF4J(W): See https://www.slf4j.org/codes.html#noProviders for further details.
SLF4J(W): Class path contains SLF4J bindings targeting slf4j-api versions 1.7.x or earlier.
SLF4J(W): Ignoring binding found at [jar:file:/C:/Users/dactu/.m2/repository/org/apache/logging/log4j/log4j-slf4j-impl/2.20.0/log4j-slf4j-impl-2.20.0.jar!/org/slf4j/impl/StaticLoggerBinder.class]
SLF4J(W): See https://www.slf4j.org/codes.html#ignoredBindings for an explanation.
]]></system-err>
  </testcase>
</testsuite>